0 verbose cli [
0 verbose cli   '/usr/local/bin/node',
0 verbose cli   '/usr/local/bin/npm',
0 verbose cli   'install',
0 verbose cli   '--cache',
0 verbose cli   './.npm-cache'
0 verbose cli ]
1 info using npm@8.3.1
2 info using node@v16.14.0
3 timing npm:load:whichnode Completed in 0ms
4 timing config:load:defaults Completed in 0ms
5 timing config:load:file:/usr/local/lib/node_modules/npm/npmrc Completed in 0ms
6 timing config:load:builtin Completed in 1ms
7 timing config:load:cli Completed in 0ms
8 timing config:load:env Completed in 1ms
9 timing config:load:file:/Users/josesantos/Documents/projects/vibe-coding/.npmrc Completed in 0ms
10 timing config:load:project Completed in 0ms
11 timing config:load:file:/Users/josesantos/.npmrc Completed in 0ms
12 timing config:load:user Completed in 1ms
13 timing config:load:file:/usr/local/etc/npmrc Completed in 0ms
14 timing config:load:global Completed in 0ms
15 timing config:load:validate Completed in 0ms
16 timing config:load:credentials Completed in 1ms
17 timing config:load:setEnvs Completed in 0ms
18 timing config:load Completed in 4ms
19 timing npm:load:configload Completed in 4ms
20 timing npm:load:setTitle Completed in 6ms
21 timing config:load:flatten Completed in 1ms
22 timing npm:load:display Completed in 1ms
23 verbose logfile /Users/josesantos/Documents/projects/vibe-coding/.npm-cache/_logs/2026-02-03T17_02_55_372Z-debug-0.log
24 timing npm:load:logFile Completed in 3ms
25 timing npm:load:timers Completed in 0ms
26 timing npm:load:configScope Completed in 0ms
27 timing npm:load Completed in 15ms
28 timing arborist:ctor Completed in 0ms
29 timing arborist:ctor Completed in 0ms
30 timing idealTree:init Completed in 4ms
31 timing idealTree:userRequests Completed in 1ms
32 silly idealTree buildDeps
33 silly fetch manifest next@16.1.6
34 http fetch GET 200 https://registry.npmjs.org/next 3930ms (cache miss)
35 silly fetch manifest @opentelemetry/api@^1.1.0
36 http fetch GET 200 https://registry.npmjs.org/@opentelemetry%2fapi 550ms (cache miss)
37 silly fetch manifest @playwright/test@^1.51.1
38 http fetch GET 200 https://registry.npmjs.org/@playwright%2ftest 2690ms (cache miss)
39 silly fetch manifest babel-plugin-react-compiler@*
40 http fetch GET 200 https://registry.npmjs.org/babel-plugin-react-compiler 195ms (cache miss)
41 silly fetch manifest react@19.2.3
42 http fetch GET 200 https://registry.npmjs.org/react 2356ms (cache miss)
43 silly fetch manifest react-dom@19.2.3
44 http fetch GET 200 https://registry.npmjs.org/react-dom 2468ms (cache miss)
45 silly fetch manifest sass@^1.3.0
46 http fetch GET 200 https://registry.npmjs.org/sass 415ms (cache miss)
47 silly fetch manifest @types/node@^20
48 http fetch GET 200 https://registry.npmjs.org/@types%2fnode 2340ms (cache miss)
49 silly fetch manifest @types/react@^19
50 http fetch GET 200 https://registry.npmjs.org/@types%2freact 764ms (cache miss)
51 silly fetch manifest @types/react-dom@^19
52 http fetch GET 200 https://registry.npmjs.org/@types%2freact-dom 264ms (cache miss)
53 silly fetch manifest eslint@^9
54 http fetch GET 200 https://registry.npmjs.org/eslint 389ms (cache miss)
55 silly fetch manifest jiti@*
56 http fetch GET 200 https://registry.npmjs.org/jiti 199ms (cache miss)
57 silly fetch manifest eslint-config-next@16.1.6
58 http fetch GET 200 https://registry.npmjs.org/eslint-config-next 1959ms (cache miss)
59 silly fetch manifest typescript@^5
60 http fetch GET 200 https://registry.npmjs.org/typescript 4253ms (cache miss)
61 silly placeDep ROOT @types/node@20.19.31 OK for: vibe-coding@0.1.0 want: ^20
62 silly placeDep ROOT @types/react@19.2.10 OK for: vibe-coding@0.1.0 want: ^19
63 silly placeDep ROOT @types/react-dom@19.2.3 OK for: vibe-coding@0.1.0 want: ^19
64 silly placeDep ROOT eslint@9.39.2 OK for: vibe-coding@0.1.0 want: ^9
65 silly placeDep ROOT eslint-config-next@16.1.6 OK for: vibe-coding@0.1.0 want: 16.1.6
66 silly placeDep ROOT next@16.1.6 OK for: vibe-coding@0.1.0 want: 16.1.6
67 silly placeDep ROOT react@19.2.3 OK for: next@16.1.6 want: ^18.2.0 || 19.0.0-rc-de68d2f4-20241204 || ^19.0.0
68 silly placeDep ROOT react-dom@19.2.3 OK for: next@16.1.6 want: ^18.2.0 || 19.0.0-rc-de68d2f4-20241204 || ^19.0.0
69 silly placeDep ROOT typescript@5.9.3 OK for: vibe-coding@0.1.0 want: ^5
70 silly fetch manifest undici-types@~6.21.0
71 silly fetch manifest csstype@^3.2.2
72 silly fetch manifest ajv@^6.12.4
73 silly fetch manifest chalk@^4.0.0
74 silly fetch manifest debug@^4.3.2
75 silly fetch manifest espree@^10.4.0
76 silly fetch manifest ignore@^5.2.0
77 silly fetch manifest esquery@^1.5.0
78 silly fetch manifest esutils@^2.0.2
79 silly fetch manifest find-up@^5.0.0
80 silly fetch manifest is-glob@^4.0.0
81 silly fetch manifest minimatch@^3.1.2
82 silly fetch manifest @eslint/js@9.39.2
83 silly fetch manifest optionator@^0.9.3
84 silly fetch manifest cross-spawn@^7.0.6
85 silly fetch manifest glob-parent@^6.0.2
86 silly fetch manifest imurmurhash@^0.1.4
87 silly fetch manifest @eslint/core@^0.17.0
88 silly fetch manifest eslint-scope@^8.4.0
89 silly fetch manifest lodash.merge@^4.6.2
90 silly fetch manifest @humanfs/node@^0.16.6
91 silly fetch manifest @types/estree@^1.0.6
92 silly fetch manifest fast-deep-equal@^3.1.3
93 silly fetch manifest natural-compare@^1.4.0
94 silly fetch manifest @eslint/eslintrc@^3.3.1
95 silly fetch manifest file-entry-cache@^8.0.0
96 silly fetch manifest @eslint/plugin-kit@^0.4.1
97 silly fetch manifest eslint-visitor-keys@^4.2.1
98 silly fetch manifest @eslint/config-array@^0.21.1
99 silly fetch manifest @humanwhocodes/retry@^0.4.2
100 silly fetch manifest escape-string-regexp@^4.0.0
101 silly fetch manifest @eslint/config-helpers@^0.4.2
102 silly fetch manifest @eslint-community/regexpp@^4.12.1
103 silly fetch manifest @eslint-community/eslint-utils@^4.8.0
104 silly fetch manifest @humanwhocodes/module-importer@^1.0.1
105 silly fetch manifest json-stable-stringify-without-jsonify@^1.0.1
106 silly fetch manifest globals@16.4.0
107 silly fetch manifest typescript-eslint@^8.46.0
108 silly fetch manifest eslint-plugin-react@^7.37.0
109 silly fetch manifest eslint-plugin-import@^2.32.0
110 silly fetch manifest eslint-plugin-jsx-a11y@^6.10.0
111 silly fetch manifest @next/eslint-plugin-next@16.1.6
112 silly fetch manifest eslint-plugin-react-hooks@^7.0.0
113 silly fetch manifest eslint-import-resolver-node@^0.3.6
114 silly fetch manifest eslint-import-resolver-typescript@^3.5.2
115 silly fetch manifest postcss@8.4.31
116 silly fetch manifest @next/env@16.1.6
117 silly fetch manifest styled-jsx@5.1.6
118 silly fetch manifest @swc/helpers@0.5.15
119 silly fetch manifest caniuse-lite@^1.0.30001579
120 silly fetch manifest baseline-browser-mapping@^2.8.3
121 silly fetch manifest sharp@^0.34.4
122 silly fetch manifest @next/swc-darwin-x64@16.1.6
123 silly fetch manifest @next/swc-darwin-arm64@16.1.6
124 silly fetch manifest @next/swc-linux-x64-gnu@16.1.6
125 silly fetch manifest @next/swc-linux-x64-musl@16.1.6
126 silly fetch manifest @next/swc-win32-x64-msvc@16.1.6
127 silly fetch manifest @next/swc-linux-arm64-gnu@16.1.6
128 silly fetch manifest @next/swc-linux-arm64-musl@16.1.6
129 silly fetch manifest @next/swc-win32-arm64-msvc@16.1.6
130 silly fetch manifest scheduler@^0.27.0
131 http fetch GET 200 https://registry.npmjs.org/optionator 126ms (cache miss)
132 http fetch GET 200 https://registry.npmjs.org/esutils 153ms (cache miss)
133 http fetch GET 200 https://registry.npmjs.org/is-glob 239ms (cache miss)
134 http fetch GET 200 https://registry.npmjs.org/minimatch 266ms (cache miss)
135 http fetch GET 200 https://registry.npmjs.org/ignore 341ms (cache miss)
136 http fetch GET 200 https://registry.npmjs.org/find-up 361ms (cache miss)
137 http fetch GET 200 https://registry.npmjs.org/undici-types 364ms (cache miss)
138 http fetch GET 200 https://registry.npmjs.org/espree 438ms (cache miss)
139 http fetch GET 200 https://registry.npmjs.org/@eslint%2fjs 471ms (cache miss)
140 http fetch GET 200 https://registry.npmjs.org/debug 558ms (cache miss)
141 http fetch GET 200 https://registry.npmjs.org/cross-spawn 615ms (cache miss)
142 http fetch GET 200 https://registry.npmjs.org/esquery 634ms (cache miss)
143 http fetch GET 200 https://registry.npmjs.org/chalk 751ms (cache miss)
144 http fetch GET 200 https://registry.npmjs.org/glob-parent 787ms (cache miss)
145 http fetch GET 200 https://registry.npmjs.org/ajv 827ms (cache miss)
146 http fetch GET 200 https://registry.npmjs.org/imurmurhash 832ms (cache miss)
147 http fetch GET 200 https://registry.npmjs.org/@eslint%2fcore 838ms (cache miss)
148 http fetch GET 200 https://registry.npmjs.org/eslint-scope 871ms (cache miss)
149 http fetch GET 200 https://registry.npmjs.org/csstype 969ms (cache miss)
150 http fetch GET 200 https://registry.npmjs.org/lodash.merge 996ms (cache miss)
151 http fetch GET 200 https://registry.npmjs.org/@types%2festree 1039ms (cache miss)
152 http fetch GET 200 https://registry.npmjs.org/fast-deep-equal 1059ms (cache miss)
153 http fetch GET 200 https://registry.npmjs.org/natural-compare 1061ms (cache miss)
154 http fetch GET 200 https://registry.npmjs.org/@humanfs%2fnode 1079ms (cache miss)
155 http fetch GET 200 https://registry.npmjs.org/file-entry-cache 1108ms (cache miss)
156 http fetch GET 200 https://registry.npmjs.org/@eslint%2feslintrc 1172ms (cache miss)
157 http fetch GET 200 https://registry.npmjs.org/eslint-visitor-keys 1202ms (cache miss)
158 http fetch GET 200 https://registry.npmjs.org/@eslint%2fconfig-array 1204ms (cache miss)
159 http fetch GET 200 https://registry.npmjs.org/@eslint%2fplugin-kit 1227ms (cache miss)
160 http fetch GET 200 https://registry.npmjs.org/@humanwhocodes%2fretry 1236ms (cache miss)
161 http fetch GET 200 https://registry.npmjs.org/escape-string-regexp 1244ms (cache miss)
162 http fetch GET 200 https://registry.npmjs.org/@eslint-community%2fregexpp 1265ms (cache miss)
163 http fetch GET 200 https://registry.npmjs.org/@eslint%2fconfig-helpers 1281ms (cache miss)
164 http fetch GET 200 https://registry.npmjs.org/@eslint-community%2feslint-utils 1320ms (cache miss)
165 http fetch GET 200 https://registry.npmjs.org/@humanwhocodes%2fmodule-importer 1325ms (cache miss)
166 http fetch GET 200 https://registry.npmjs.org/json-stable-stringify-without-jsonify 1334ms (cache miss)
167 http fetch GET 200 https://registry.npmjs.org/globals 1428ms (cache miss)
168 http fetch GET 200 https://registry.npmjs.org/eslint-plugin-react 1818ms (cache miss)
169 http fetch GET 200 https://registry.npmjs.org/eslint-plugin-import 1910ms (cache miss)
170 http fetch GET 200 https://registry.npmjs.org/eslint-plugin-jsx-a11y 1957ms (cache miss)
171 http fetch GET 200 https://registry.npmjs.org/eslint-import-resolver-node 2202ms (cache miss)
172 http fetch GET 200 https://registry.npmjs.org/eslint-import-resolver-typescript 2277ms (cache miss)
173 http fetch GET 200 https://registry.npmjs.org/postcss 2492ms (cache miss)
174 http fetch GET 200 https://registry.npmjs.org/baseline-browser-mapping 3040ms (cache miss)
175 http fetch GET 200 https://registry.npmjs.org/@swc%2fhelpers 3112ms (cache miss)
176 http fetch GET 200 https://registry.npmjs.org/sharp 3243ms (cache miss)
177 http fetch GET 200 https://registry.npmjs.org/styled-jsx 3392ms (cache miss)
178 http fetch GET 200 https://registry.npmjs.org/typescript-eslint 3943ms (cache miss)
179 notice
179 notice New major version of npm available! 8.3.1 -> 11.8.0
179 notice Changelog: <https://github.com/npm/cli/releases/tag/v11.8.0>
179 notice Run `npm install -g npm@11.8.0` to update!
179 notice
180 verbose stack Error: Socket timeout
180 verbose stack     at TLSSocket.onTimeout (/usr/local/lib/node_modules/npm/node_modules/agentkeepalive/lib/agent.js:346:23)
180 verbose stack     at TLSSocket.emit (node:events:532:35)
180 verbose stack     at TLSSocket.Socket._onTimeout (node:net:501:8)
180 verbose stack     at listOnTimeout (node:internal/timers:559:17)
180 verbose stack     at processTimers (node:internal/timers:502:7)
181 verbose cwd /Users/josesantos/Documents/projects/vibe-coding
182 verbose Darwin 24.6.0
183 verbose argv "/usr/local/bin/node" "/usr/local/bin/npm" "install" "--cache" "./.npm-cache"
184 verbose node v16.14.0
185 verbose npm  v8.3.1
186 error code ERR_SOCKET_TIMEOUT
187 error network Socket timeout
188 error network This is a problem related to network connectivity.
188 error network In most cases you are behind a proxy or have bad network settings.
188 error network
188 error network If you are behind a proxy, please make sure that the
188 error network 'proxy' config is set properly.  See: 'npm help config'
189 verbose exit 1
190 timing npm Completed in 31851ms
191 verbose unfinished npm timer command:install 1770138175481
192 verbose unfinished npm timer reify 1770138175481
193 verbose unfinished npm timer reify:loadTrees 1770138175495
194 verbose unfinished npm timer idealTree 1770138175496
195 verbose unfinished npm timer idealTree:buildDeps 1770138175501
196 verbose unfinished npm timer idealTree:#root 1770138175501
197 verbose code 1
198 error A complete log of this run can be found in:
198 error     /Users/josesantos/Documents/projects/vibe-coding/.npm-cache/_logs/2026-02-03T17_02_55_372Z-debug-0.log
